-------------------------------------------------------------------------------
Test set: gerencialz.testprueba.AppTest
-------------------------------------------------------------------------------
Tests run: 5, Failures: 1, Errors: 0, Skipped: 0, Time elapsed: 0.195 s <<< FAILURE! - in gerencialz.testprueba.AppTest
pruebaDeSuma4Test(gerencialz.testprueba.AppTest)  Time elapsed: 0.01 s  <<< FAILURE!
java.lang.AssertionError: La suma ha dejado de ser correcta expected:<-1> but was:<0>
	at gerencialz.testprueba.AppTest.pruebaDeSuma4Test(AppTest.java:45)

