<?xml version="1.0" encoding="UTF-8"?>
<testsuite xmlns:xsi="http://www.w3.org/2001/XMLSchema-instance" xsi:noNamespaceSchemaLocation="https://maven.apache.org/surefire/maven-surefire-plugin/xsd/surefire-test-report.xsd" name="gerencialz.testprueba.AppTest" time="0.185" tests="5" errors="0" skipped="0" failures="1">
  <properties>
[...]
</properties>
  <testcase name="shouldAnswerWithTrue" classname="gerencialz.testprueba.AppTest" time="0"/>
  <testcase name="pruebaDeSuma1Test" classname="gerencialz.testprueba.AppTest" time="0.026"/>
  <testcase name="pruebaDeSuma2Test" classname="gerencialz.testprueba.AppTest" time="0.001"/>
  <testcase name="pruebaDeSuma3Test" classname="gerencialz.testprueba.AppTest" time="0.004"/>
  <testcase name="pruebaDeSuma4Test" classname="gerencialz.testprueba.AppTest" time="0.014">
    <failure message="La suma ha dejado de ser correcta expected:&lt;-1&gt; but was:&lt;0&gt;" type="java.lang.AssertionError"><![CDATA[java.lang.AssertionError: La suma ha dejado de ser correcta expected:<-1> but was:<0>
	at gerencialz.testprueba.AppTest.pruebaDeSuma4Test(AppTest.java:45)
]]></failure>
  </testcase>
</testsuite>